<?xml version="1.0" encoding="UTF-8"?>
<!-- Generated by org.testng.reporters.JUnitXMLReporter -->
<testsuite ignored="2" hostname="DESKTOP-H47J22D" failures="0" tests="1" name="Default test" time="31.557" errors="0" timestamp="2022-08-02T17:33:08 IST">
  <testcase classname="yogitaTC.TestCases" name="allCategories" time="31.47"/>
  <testcase classname="yogitaTC.TestCases" name="islogoDisplayed" time="0.0">
    <ignored/>
  </testcase> <!-- islogoDisplayed -->
  <testcase classname="yogitaTC.TestCases" name="testcase1" time="0.0">
    <ignored/>
  </testcase> <!-- testcase1 -->
</testsuite> <!-- Default test -->
