<?xml version="1.0" encoding="UTF-8"?>
<testng-results ignored="0" total="1" passed="1" failed="0" skipped="0">
  <reporter-output>
  </reporter-output>
  <suite started-at="2022-07-27T15:58:47 IST" name="Default suite" finished-at="2022-07-27T15:58:48 IST" duration-ms="53">
    <groups>
    </groups>
    <test started-at="2022-07-27T15:58:47 IST" name="Default test" finished-at="2022-07-27T15:58:48 IST" duration-ms="53">
      <class name="yogitaTC.TestCases">
        <test-method signature="testcase1()[pri:0, instance:yogitaTC.TestCases@55634720]" started-at="2022-07-27T15:58:48 IST" name="testcase1" finished-at="2022-07-27T15:58:48 IST" duration-ms="7" status="PASS">
          <reporter-output>
          </reporter-output>
        </test-method> <!-- testcase1 -->
      </class> <!-- yogitaTC.TestCases -->
    </test> <!-- Default test -->
  </suite> <!-- Default suite -->
</testng-results>
