<?xml version="1.0" encoding="UTF-8"?>
<testng-results ignored="0" total="1" passed="1" failed="0" skipped="0">
  <reporter-output>
  </reporter-output>
  <suite started-at="2022-07-26T14:30:33 IST" name="Default suite" finished-at="2022-07-26T14:30:55 IST" duration-ms="21876">
    <groups>
    </groups>
    <test started-at="2022-07-26T14:30:33 IST" name="Default test" finished-at="2022-07-26T14:30:55 IST" duration-ms="21876">
      <class name="JagrutiTC.JagrutiTC">
        <test-method signature="ClickOnDiamondProd()[pri:0, instance:JagrutiTC.JagrutiTC@428640fa]" started-at="2022-07-26T14:30:33 IST" name="ClickOnDiamondProd" finished-at="2022-07-26T14:30:55 IST" duration-ms="21821" status="PASS">
          <reporter-output>
          </reporter-output>
        </test-method> <!-- ClickOnDiamondProd -->
      </class> <!-- JagrutiTC.JagrutiTC -->
    </test> <!-- Default test -->
  </suite> <!-- Default suite -->
</testng-results>
